<?xml version="1.0" encoding="UTF-8"?>
<testsuite xmlns:xsi="http://www.w3.org/2001/XMLSchema-instance" xsi:noNamespaceSchemaLocation="https://maven.apache.org/surefire/maven-surefire-plugin/xsd/surefire-test-report.xsd" version="3.0.1" name="org.anudip.AppTest" time="0.642" tests="10" errors="0" skipped="0" failures="0">
  <properties>
[...]
</properties>
  <testcase name="test1" classname="org.anudip.AppTest" time="0.107"/>
  <testcase name="test2" classname="org.anudip.AppTest" time="0.008"/>
  <testcase name="test3(int, int)[1]" classname="org.anudip.AppTest" time="0.07"/>
  <testcase name="test3(int, int)[2]" classname="org.anudip.AppTest" time="0.012"/>
  <testcase name="test4(int, int)[1]" classname="org.anudip.AppTest" time="0.005"/>
  <testcase name="test4(int, int)[2]" classname="org.anudip.AppTest" time="0.023"/>
  <testcase name="test4(int, int)[3]" classname="org.anudip.AppTest" time="0.005"/>
  <testcase name="test5(int, int)[1]" classname="org.anudip.AppTest" time="0.015"/>
  <testcase name="test5(int, int)[2]" classname="org.anudip.AppTest" time="0.007"/>
  <testcase name="test5(int, int)[3]" classname="org.anudip.AppTest" time="0.056"/>
</testsuite>